h:\microsoft visual studio\2019\community\myprojects - windev2021\04-uwp\02-helloworldgui\helloworldgui\debug\helloworldgui.pch
h:\microsoft visual studio\2019\community\myprojects - windev2021\04-uwp\02-helloworldgui\helloworldgui\debug\vc142.pdb
h:\microsoft visual studio\2019\community\myprojects - windev2021\04-uwp\02-helloworldgui\helloworldgui\debug\vc142.idb
h:\microsoft visual studio\2019\community\myprojects - windev2021\04-uwp\02-helloworldgui\helloworldgui\debug\pch.obj
h:\microsoft visual studio\2019\community\myprojects - windev2021\04-uwp\02-helloworldgui\helloworldgui\debug\app.xaml.obj
h:\microsoft visual studio\2019\community\myprojects - windev2021\04-uwp\02-helloworldgui\helloworldgui\debug\xamltypeinfo.impl.g.obj
h:\microsoft visual studio\2019\community\myprojects - windev2021\04-uwp\02-helloworldgui\helloworldgui\debug\mainpage.xaml.obj
h:\microsoft visual studio\2019\community\myprojects - windev2021\04-uwp\02-helloworldgui\helloworldgui\debug\xamltypeinfo.g.obj
h:\microsoft visual studio\2019\community\myprojects - windev2021\04-uwp\02-helloworldgui\helloworldgui\debug\helloworldgui\helloworldgui.winmd
h:\microsoft visual studio\2019\community\myprojects - windev2021\04-uwp\02-helloworldgui\helloworldgui\debug\helloworldgui\helloworldgui.lib
h:\microsoft visual studio\2019\community\myprojects - windev2021\04-uwp\02-helloworldgui\helloworldgui\debug\helloworldgui\helloworldgui.exp
h:\microsoft visual studio\2019\community\myprojects - windev2021\04-uwp\02-helloworldgui\helloworldgui\generated files\app.g.h
h:\microsoft visual studio\2019\community\myprojects - windev2021\04-uwp\02-helloworldgui\helloworldgui\generated files\mainpage.g.h
h:\microsoft visual studio\2019\community\myprojects - windev2021\04-uwp\02-helloworldgui\helloworldgui\generated files\xamllibmetadataprovider.g.cpp
h:\microsoft visual studio\2019\community\myprojects - windev2021\04-uwp\02-helloworldgui\helloworldgui\generated files\xamltypeinfo.impl.g.cpp
h:\microsoft visual studio\2019\community\myprojects - windev2021\04-uwp\02-helloworldgui\helloworldgui\generated files\app.xaml
h:\microsoft visual studio\2019\community\myprojects - windev2021\04-uwp\02-helloworldgui\helloworldgui\generated files\mainpage.xaml
h:\microsoft visual studio\2019\community\myprojects - windev2021\04-uwp\02-helloworldgui\helloworldgui\generated files\app.xbf
h:\microsoft visual studio\2019\community\myprojects - windev2021\04-uwp\02-helloworldgui\helloworldgui\generated files\mainpage.xbf
h:\microsoft visual studio\2019\community\myprojects - windev2021\04-uwp\02-helloworldgui\helloworldgui\debug\xamlsavestatefile.xml
h:\microsoft visual studio\2019\community\myprojects - windev2021\04-uwp\02-helloworldgui\helloworldgui\generated files\xamltypeinfo.g.cpp
h:\microsoft visual studio\2019\community\myprojects - windev2021\04-uwp\02-helloworldgui\helloworldgui\debug\helloworldgui\app.xbf
h:\microsoft visual studio\2019\community\myprojects - windev2021\04-uwp\02-helloworldgui\helloworldgui\debug\helloworldgui\mainpage.xbf
h:\microsoft visual studio\2019\community\myprojects - windev2021\04-uwp\02-helloworldgui\helloworldgui\debug\resourcehandlingtask.state
h:\microsoft visual studio\2019\community\myprojects - windev2021\04-uwp\02-helloworldgui\helloworldgui\debug\helloworldgui.vcxproj.generateresource.cache
h:\microsoft visual studio\2019\community\myprojects - windev2021\04-uwp\02-helloworldgui\helloworldgui\debug\priconfig.xml
h:\microsoft visual studio\2019\community\myprojects - windev2021\04-uwp\02-helloworldgui\helloworldgui\debug\priconfig.xml.intermediate
h:\microsoft visual studio\2019\community\myprojects - windev2021\04-uwp\02-helloworldgui\helloworldgui\debug\unfiltered.layout.resfiles
h:\microsoft visual studio\2019\community\myprojects - windev2021\04-uwp\02-helloworldgui\helloworldgui\debug\unfiltered.layout.resfiles.intermediate
h:\microsoft visual studio\2019\community\myprojects - windev2021\04-uwp\02-helloworldgui\helloworldgui\debug\filtered.layout.resfiles
h:\microsoft visual studio\2019\community\myprojects - windev2021\04-uwp\02-helloworldgui\helloworldgui\debug\filtered.layout.resfiles.intermediate
h:\microsoft visual studio\2019\community\myprojects - windev2021\04-uwp\02-helloworldgui\helloworldgui\debug\excluded.layout.resfiles
h:\microsoft visual studio\2019\community\myprojects - windev2021\04-uwp\02-helloworldgui\helloworldgui\debug\excluded.layout.resfiles.intermediate
h:\microsoft visual studio\2019\community\myprojects - windev2021\04-uwp\02-helloworldgui\helloworldgui\debug\resources.resfiles
h:\microsoft visual studio\2019\community\myprojects - windev2021\04-uwp\02-helloworldgui\helloworldgui\debug\resources.resfiles.intermediate
h:\microsoft visual studio\2019\community\myprojects - windev2021\04-uwp\02-helloworldgui\helloworldgui\debug\pri.resfiles
h:\microsoft visual studio\2019\community\myprojects - windev2021\04-uwp\02-helloworldgui\helloworldgui\debug\pri.resfiles.intermediate
h:\microsoft visual studio\2019\community\myprojects - windev2021\04-uwp\02-helloworldgui\helloworldgui\debug\helloworldgui\resources.pri
h:\microsoft visual studio\2019\community\myprojects - windev2021\04-uwp\02-helloworldgui\helloworldgui\debug\qualifiers.txt
h:\microsoft visual studio\2019\community\myprojects - windev2021\04-uwp\02-helloworldgui\helloworldgui\debug\qualifiers.txt.intermediate
h:\microsoft visual studio\2019\community\myprojects - windev2021\04-uwp\02-helloworldgui\helloworldgui\debug\multiplequalifiersperdimensionfound.txt
h:\microsoft visual studio\2019\community\myprojects - windev2021\04-uwp\02-helloworldgui\helloworldgui\debug\projectarchitectures.txt
h:\microsoft visual studio\2019\community\myprojects - windev2021\04-uwp\02-helloworldgui\helloworldgui\debug\helloworldgui\appxmanifest.xml
h:\microsoft visual studio\2019\community\myprojects - windev2021\04-uwp\02-helloworldgui\helloworldgui\debug\helloworldgui\helloworldgui.build.appxrecipe
h:\microsoft visual studio\2019\community\myprojects - windev2021\04-uwp\02-helloworldgui\helloworldgui\debug\helloworldgui.tlog\helloworldgui.winmd.lastbuild
h:\microsoft visual studio\2019\community\myprojects - windev2021\04-uwp\02-helloworldgui\helloworldgui\debug\helloworldgui.ilk
h:\microsoft visual studio\2019\community\myprojects - windev2021\04-uwp\02-helloworldgui\helloworldgui\debug\helloworldgui\helloworldgui.exe
h:\microsoft visual studio\2019\community\myprojects - windev2021\04-uwp\02-helloworldgui\helloworldgui\debug\helloworldgui\helloworldgui.pdb
h:\microsoft visual studio\2019\community\myprojects - windev2021\04-uwp\02-helloworldgui\helloworldgui\debug\helloworldgui.tlog\cl.command.1.tlog
h:\microsoft visual studio\2019\community\myprojects - windev2021\04-uwp\02-helloworldgui\helloworldgui\debug\helloworldgui.tlog\cl.read.1.tlog
h:\microsoft visual studio\2019\community\myprojects - windev2021\04-uwp\02-helloworldgui\helloworldgui\debug\helloworldgui.tlog\cl.write.1.tlog
h:\microsoft visual studio\2019\community\myprojects - windev2021\04-uwp\02-helloworldgui\helloworldgui\debug\helloworldgui.tlog\helloworldgui.read.1u.tlog
h:\microsoft visual studio\2019\community\myprojects - windev2021\04-uwp\02-helloworldgui\helloworldgui\debug\helloworldgui.tlog\helloworldgui.write.1u.tlog
h:\microsoft visual studio\2019\community\myprojects - windev2021\04-uwp\02-helloworldgui\helloworldgui\debug\helloworldgui.tlog\link.command.1.tlog
h:\microsoft visual studio\2019\community\myprojects - windev2021\04-uwp\02-helloworldgui\helloworldgui\debug\helloworldgui.tlog\link.read.1.tlog
h:\microsoft visual studio\2019\community\myprojects - windev2021\04-uwp\02-helloworldgui\helloworldgui\debug\helloworldgui.tlog\link.write.1.tlog
h:\microsoft visual studio\2019\community\myprojects - windev2021\04-uwp\02-helloworldgui\helloworldgui\debug\helloworldgui.tlog\xaml.read.1u.tlog
h:\microsoft visual studio\2019\community\myprojects - windev2021\04-uwp\02-helloworldgui\helloworldgui\generated files\xamlbindinginfo.g.h
h:\microsoft visual studio\2019\community\myprojects - windev2021\04-uwp\02-helloworldgui\helloworldgui\generated files\xamltypeinfo.g.h
